<?xml version="1.0" encoding="UTF-8"?>
<testsuite xmlns:xsi="http://www.w3.org/2001/XMLSchema-instance" xsi:noNamespaceSchemaLocation="https://maven.apache.org/surefire/maven-surefire-plugin/xsd/surefire-test-report.xsd" version="3.0.2" name="com.juhmaran.springboot.overview.OverviewApplicationTests" time="6.634" tests="1" errors="0" skipped="0" failures="0">
  <properties>
[...]
</properties>
  <testcase name="contextLoads" classname="com.juhmaran.springboot.overview.OverviewApplicationTests" time="1.182">
    <system-out><![CDATA[10:11:28.971 [main] INFO org.springframework.test.context.support.AnnotationConfigContextLoaderUtils -- Could not detect default configuration classes for test class [com.juhmaran.springboot.overview.OverviewApplicationTests]: OverviewApplicationTests does not declare any static, non-private, non-final, nested classes annotated with @Configuration.
10:11:29.181 [main] INFO org.springframework.boot.test.context.SpringBootTestContextBootstrapper -- Found @SpringBootConfiguration com.juhmaran.springboot.overview.OverviewApplication for test class com.juhmaran.springboot.overview.OverviewApplicationTests
10:11:29.478 [main] INFO org.springframework.boot.devtools.restart.RestartApplicationListener -- Restart disabled due to context in which it is running

  .   ____          _            __ _ _
 /\\ / ___'_ __ _ _(_)_ __  __ _ \ \ \ \
( ( )\___ | '_ | '_| | '_ \/ _` | \ \ \ \
 \\/  ___)| |_)| | | | | || (_| |  ) ) ) )
  '  |____| .__|_| |_|_| |_\__, | / / / /
 =========|_|==============|___/=/_/_/_/

 :: Spring Boot ::                (v3.4.4)

2025-04-05T10:11:29.989-03:00  INFO 13844 --- [overview] [           main] c.j.s.overview.OverviewApplicationTests  : Starting OverviewApplicationTests using Java 21.0.5 with PID 13844 (started by julia in C:\Users\julia\Desktop\cursos\Java-with-Spring-Boot\01-spring-boot-overview\overview)
2025-04-05T10:11:29.991-03:00 DEBUG 13844 --- [overview] [           main] c.j.s.overview.OverviewApplicationTests  : Running with Spring Boot v3.4.4, Spring v6.2.5
2025-04-05T10:11:29.992-03:00  INFO 13844 --- [overview] [           main] c.j.s.overview.OverviewApplicationTests  : No active profile set, falling back to 1 default profile: "default"
2025-04-05T10:11:30.042-03:00 DEBUG 13844 --- [overview] [           main] o.s.w.c.s.GenericWebApplicationContext   : Refreshing org.springframework.web.context.support.GenericWebApplicationContext@1db0ec27
2025-04-05T10:11:32.585-03:00 DEBUG 13844 --- [overview] [           main] s.w.s.m.m.a.RequestMappingHandlerMapping : 6 mappings in 'requestMappingHandlerMapping'
2025-04-05T10:11:32.708-03:00 DEBUG 13844 --- [overview] [           main] o.s.w.s.handler.SimpleUrlHandlerMapping  : Patterns [/webjars/**, /**] in 'resourceHandlerMapping'
2025-04-05T10:11:32.768-03:00 DEBUG 13844 --- [overview] [           main] s.w.s.m.m.a.RequestMappingHandlerAdapter : ControllerAdvice beans: 0 @ModelAttribute, 0 @InitBinder, 1 RequestBodyAdvice, 1 ResponseBodyAdvice
2025-04-05T10:11:32.864-03:00 DEBUG 13844 --- [overview] [           main] .m.m.a.ExceptionHandlerExceptionResolver : ControllerAdvice beans: 0 @ExceptionHandler, 1 ResponseBodyAdvice
2025-04-05T10:11:33.569-03:00  INFO 13844 --- [overview] [           main] r$InitializeUserDetailsManagerConfigurer : Global AuthenticationManager configured with UserDetailsService bean with name inMemoryUserDetailsManager
2025-04-05T10:11:33.751-03:00  INFO 13844 --- [overview] [           main] o.s.b.a.e.web.EndpointLinksResolver      : Exposing 14 endpoints beneath base path '/actuator'
2025-04-05T10:11:33.988-03:00  INFO 13844 --- [overview] [           main] c.j.s.overview.OverviewApplicationTests  : Started OverviewApplicationTests in 4.537 seconds (process running for 6.182)
]]></system-out>
    <system-err><![CDATA[Mockito is currently self-attaching to enable the inline-mock-maker. This will no longer work in future releases of the JDK. Please add Mockito as an agent to your build what is described in Mockito's documentation: https://javadoc.io/doc/org.mockito/mockito-core/latest/org/mockito/Mockito.html#0.3
WARNING: A Java agent has been loaded dynamically (C:\Users\julia\.m2\repository\net\bytebuddy\byte-buddy-agent\1.15.11\byte-buddy-agent-1.15.11.jar)
WARNING: If a serviceability tool is in use, please run with -XX:+EnableDynamicAgentLoading to hide this warning
WARNING: If a serviceability tool is not in use, please run with -Djdk.instrument.traceUsage for more information
WARNING: Dynamic loading of agents will be disallowed by default in a future release
]]></system-err>
  </testcase>
</testsuite>